<?xml version="1.0" encoding="UTF-8"?>
<testng-results skipped="0" failed="0" total="1" passed="1">
  <reporter-output>
  </reporter-output>
  <suite name="Default suite" duration-ms="7445" started-at="2018-10-10T16:45:54Z" finished-at="2018-10-10T16:46:01Z">
    <groups>
    </groups>
    <test name="Default test" duration-ms="7445" started-at="2018-10-10T16:45:54Z" finished-at="2018-10-10T16:46:01Z">
      <class name="b3.UntrustedDemo.UntrustedCertificate">
        <test-method status="PASS" signature="HandleUntrusted()[pri:0, instance:b3.UntrustedDemo.UntrustedCertificate@52d455b8]" name="HandleUntrusted" duration-ms="7409" started-at="2018-10-10T12:45:54Z" finished-at="2018-10-10T12:46:01Z">
          <reporter-output>
          </reporter-output>
        </test-method> <!-- HandleUntrusted -->
      </class> <!-- b3.UntrustedDemo.UntrustedCertificate -->
    </test> <!-- Default test -->
  </suite> <!-- Default suite -->
</testng-results>
